0 info it worked if it ends with ok
1 verbose cli [ 'node',
1 verbose cli   '/home/e/.meteor/packages/meteor-tool/.1.3.4_1.tskw1g++os.linux.x86_64+web.browser+web.cordova/mt-os.linux.x86_64/dev_bundle/bin/npm',
1 verbose cli   'start',
1 verbose cli   '-p',
1 verbose cli   '9000' ]
2 info using npm@3.9.6
3 info using node@v0.10.45
4 verbose run-script [ 'prestart', 'start', 'poststart' ]
5 info lifecycle meteor-backend@~prestart: meteor-backend@
6 silly lifecycle meteor-backend@~prestart: no script for prestart, continuing
7 info lifecycle meteor-backend@~start: meteor-backend@
8 verbose lifecycle meteor-backend@~start: unsafe-perm in lifecycle true
9 verbose lifecycle meteor-backend@~start: PATH: /home/e/.meteor/packages/meteor-tool/.1.3.4_1.tskw1g++os.linux.x86_64+web.browser+web.cordova/mt-os.linux.x86_64/dev_bundle/lib/node_modules/npm/bin/node-gyp-bin:/home/e/dev/meteor/react-redux-webpack-meteor/meteor-backend/node_modules/.bin:/home/e/.meteor/packages/meteor-tool/.1.3.4_1.tskw1g++os.linux.x86_64+web.browser+web.cordova/mt-os.linux.x86_64/dev_bundle/bin:/home/e/.meteor/packages/meteor-tool/.1.3.4_1.tskw1g++os.linux.x86_64+web.browser+web.cordova/mt-os.linux.x86_64/dev_bundle/bin:/home/e/.meteor/packages/meteor-tool/.1.3.4_1.tskw1g++os.linux.x86_64+web.browser+web.cordova/mt-os.linux.x86_64/dev_bundle/lib/node_modules/.bin:/usr/local/sbin:/usr/local/bin:/usr/sbin:/usr/bin:/sbin:/bin:/usr/games:/usr/local/games:/snap/bin
10 verbose lifecycle meteor-backend@~start: CWD: /home/e/dev/meteor/react-redux-webpack-meteor/meteor-backend
11 silly lifecycle meteor-backend@~start: Args: [ '-c', 'meteor run "9000"' ]
12 silly lifecycle meteor-backend@~start: Returned: code: 1  signal: null
13 info lifecycle meteor-backend@~start: Failed to exec start script
14 verbose stack Error: meteor-backend@ start: `meteor run "9000"`
14 verbose stack Exit status 1
14 verbose stack     at EventEmitter.<anonymous> (/home/e/.meteor/packages/meteor-tool/.1.3.4_1.tskw1g++os.linux.x86_64+web.browser+web.cordova/mt-os.linux.x86_64/dev_bundle/lib/node_modules/npm/lib/utils/lifecycle.js:245:16)
14 verbose stack     at EventEmitter.emit (events.js:98:17)
14 verbose stack     at ChildProcess.<anonymous> (/home/e/.meteor/packages/meteor-tool/.1.3.4_1.tskw1g++os.linux.x86_64+web.browser+web.cordova/mt-os.linux.x86_64/dev_bundle/lib/node_modules/npm/lib/utils/spawn.js:24:14)
14 verbose stack     at ChildProcess.emit (events.js:98:17)
14 verbose stack     at maybeClose (child_process.js:766:16)
14 verbose stack     at Process.ChildProcess._handle.onexit (child_process.js:833:5)
15 verbose pkgid meteor-backend@
16 verbose cwd /home/e/dev/meteor/react-redux-webpack-meteor/meteor-backend
17 error Linux 4.4.0-28-generic
18 error argv "node" "/home/e/.meteor/packages/meteor-tool/.1.3.4_1.tskw1g++os.linux.x86_64+web.browser+web.cordova/mt-os.linux.x86_64/dev_bundle/bin/npm" "start" "-p" "9000"
19 error node v0.10.45
20 error npm  v3.9.6
21 error code ELIFECYCLE
22 error meteor-backend@ start: `meteor run "9000"`
22 error Exit status 1
23 error Failed at the meteor-backend@ start script 'meteor run "9000"'.
23 error Make sure you have the latest version of node.js and npm installed.
23 error If you do, this is most likely a problem with the meteor-backend package,
23 error not with npm itself.
23 error Tell the author that this fails on your system:
23 error     meteor run "9000"
23 error You can get information on how to open an issue for this project with:
23 error     npm bugs meteor-backend
23 error Or if that isn't available, you can get their info via:
23 error     npm owner ls meteor-backend
23 error There is likely additional logging output above.
24 verbose exit [ 1, true ]
